{"/Users/cjimenez/www/othello/services/boardService.js":{"path":"/Users/cjimenez/www/othello/services/boardService.js","s":{"1":1,"2":1,"3":1,"4":8,"5":1,"6":1,"7":0,"8":1,"9":0,"10":1,"11":0,"12":0,"13":1,"14":1,"15":1},"b":{"1":[0,1],"2":[0,1],"3":[0,1]},"f":{"1":1,"2":1,"3":1},"fnMap":{"1":{"name":"(anonymous_1)","line":5,"loc":{"start":{"line":5,"column":12},"end":{"line":5,"column":28}}},"2":{"name":"(anonymous_2)","line":9,"loc":{"start":{"line":9,"column":14},"end":{"line":9,"column":17}}},"3":{"name":"(anonymous_3)","line":18,"loc":{"start":{"line":18,"column":6},"end":{"line":18,"column":27}}}},"statementMap":{"1":{"start":{"line":3,"column":0},"end":{"line":39,"column":1}},"2":{"start":{"line":10,"column":5},"end":{"line":10,"column":73}},"3":{"start":{"line":11,"column":5},"end":{"line":13,"column":6}},"4":{"start":{"line":12,"column":6},"end":{"line":12,"column":56}},"5":{"start":{"line":14,"column":5},"end":{"line":14,"column":18}},"6":{"start":{"line":19,"column":2},"end":{"line":21,"column":3}},"7":{"start":{"line":20,"column":3},"end":{"line":20,"column":32}},"8":{"start":{"line":23,"column":2},"end":{"line":25,"column":3}},"9":{"start":{"line":24,"column":3},"end":{"line":24,"column":32}},"10":{"start":{"line":27,"column":2},"end":{"line":31,"column":3}},"11":{"start":{"line":29,"column":3},"end":{"line":29,"column":28}},"12":{"start":{"line":30,"column":3},"end":{"line":30,"column":57}},"13":{"start":{"line":34,"column":2},"end":{"line":34,"column":22}},"14":{"start":{"line":36,"column":2},"end":{"line":36,"column":15}},"15":{"start":{"line":41,"column":0},"end":{"line":41,"column":30}}},"branchMap":{"1":{"line":19,"type":"if","locations":[{"start":{"line":19,"column":2},"end":{"line":19,"column":2}},{"start":{"line":19,"column":2},"end":{"line":19,"column":2}}]},"2":{"line":23,"type":"if","locations":[{"start":{"line":23,"column":2},"end":{"line":23,"column":2}},{"start":{"line":23,"column":2},"end":{"line":23,"column":2}}]},"3":{"line":27,"type":"if","locations":[{"start":{"line":27,"column":2},"end":{"line":27,"column":2}},{"start":{"line":27,"column":2},"end":{"line":27,"column":2}}]}}}}